2016-01-08 20:06:59.933 (INFO ) [0xfff9ff3c410] ibm.runjob.AbstractOptions: using properties file /bgsys/local/etc/bg.properties
2016-01-08 20:06:59.934 (INFO ) [0xfff9ff3c410] ibm.runjob.AbstractOptions: max open file descriptors: 65536
2016-01-08 20:06:59.934 (INFO ) [0xfff9ff3c410] ibm.runjob.AbstractOptions: core file limit: 18446744073709551615
2016-01-08 20:06:59.936 (INFO ) [0xfff9ff3c410] 9262:tatu.runjob.client: scheduler job id is 692573
2016-01-08 20:06:59.945 (INFO ) [0xfffa61e34e0] 9262:tatu.runjob.monitor: monitor started
2016-01-08 20:07:00.409 (INFO ) [0xfffa61e34e0] 9262:tatu.runjob.monitor: task record 1457322 created
2016-01-08 20:07:00.410 (INFO ) [0xfff9ff3c410] CET-02000-13331-128:9262:ibm.runjob.client.options.Parser: set local socket to runjob_mux from properties file
2016-01-08 20:07:03.174 (INFO ) [0xfff9ff3c410] CET-02000-13331-128:1513586:ibm.runjob.client.Job: job 1513586 started

     Program epcdft_coupling v.5.1.1 starts on  8Jan2016 at 20: 7: 3 

     This program is part of the open-source Quantum ESPRESSO suite
     for quantum simulation of materials; please cite
         "P. Giannozzi et al., J. Phys.:Condens. Matter 21 395502 (2009);
          URL http://www.quantum-espresso.org", 
     in publications or presentations arising from this work. More details at
     http://www.quantum-espresso.org/quote

     Parallel version (MPI & OpenMP), running on    1024 processor cores
     Number of MPI processes:              1024
     Threads/MPI process:                     1
     R & G space division:  proc/nbgrp/npool/nimage =    1024
     ======================================================================= 
     SYSTEM 2 INFO

   Info: using nr1, nr2, nr3 values from input

   Info: using nr1s, nr2s, nr3s values from input

     IMPORTANT: XC functional enforced from input :
     Exchange-correlation      = PBE ( 1  4  3  4 0 0)
     Any further DFT definition will be discarded
     Please, verify this is what you really want

               file C.pbe-mt_fhi.UPF: wavefunction(s)  4f renormalized
               file H.pbe-mt_fhi.UPF: wavefunction(s)  2p 4f renormalized
               file Cl.pbe-mt_fhi.UPF: wavefunction(s)  4f renormalized
2016-01-08 20:07:05.998 (INFO ) [0xfffa61e34e0] 9262:tatu.runjob.monitor: tracklib completed
 
     Parallelization info
     --------------------
     sticks:   dense  smooth     PW     G-vecs:    dense   smooth      PW
     Min          52      52     11                 9332     9332    1136
     Max          54      54     14                 9394     9394    1202
     Sum       54553   54553  13637              9587919  9587919 1198487
     Tot       27277   27277   6819
 
     Generating pointlists ...
     new r_m :   0.0224 (alat units)  0.8450 (a.u.) for type    1
     new r_m :   0.0224 (alat units)  0.8450 (a.u.) for type    2
     new r_m :   0.0635 (alat units)  2.4011 (a.u.) for type    3
 
     Using Hirshfeld
        Amplitude [Ry a.u.] : -3.8780E-01
        Acceptor Fragment start :          13
        Acceptor Fragment end   :          13
        Donor Fragment start :           1
        Donor Fragment end   :          12
 
 
     Using Hirshfeld
        Amplitude [Ry a.u.] : -3.8780E-01
        Acceptor Fragment start :          13
        Acceptor Fragment end   :          13
        Donor Fragment start :           1
        Donor Fragment end   :          12
 
     ======================================================================= 
     SYSTEM 1 INFO

   Info: using nr1, nr2, nr3 values from input

   Info: using nr1s, nr2s, nr3s values from input

     IMPORTANT: XC functional enforced from input :
     Exchange-correlation      = PBE ( 1  4  3  4 0 0)
     Any further DFT definition will be discarded
     Please, verify this is what you really want

               file C.pbe-mt_fhi.UPF: wavefunction(s)  4f renormalized
               file H.pbe-mt_fhi.UPF: wavefunction(s)  2p 4f renormalized
               file Cl.pbe-mt_fhi.UPF: wavefunction(s)  4f renormalized
 
     Parallelization info
     --------------------
     sticks:   dense  smooth     PW     G-vecs:    dense   smooth      PW
     Min          52      52     11                 9332     9332    1136
     Max          54      54     14                 9394     9394    1202
     Sum       54553   54553  13637              9587919  9587919 1198487
     Tot       27277   27277   6819
 
     Generating pointlists ...
 
     Using Hirshfeld
        Amplitude [Ry a.u.] :  1.1733E-01
        Acceptor Fragment start :          13
        Acceptor Fragment end   :          13
        Donor Fragment start :           1
        Donor Fragment end   :          12
 
 
     Using Hirshfeld
        Amplitude [Ry a.u.] :  1.1733E-01
        Acceptor Fragment start :          13
        Acceptor Fragment end   :          13
        Donor Fragment start :           1
        Donor Fragment end   :          12
 
     ======================================================================= 
  
     ======================================================================= 
  
       EPCDFT_Coupling Code warnings:
       1) Only works with norm conserving pseudos.
       2) (which implies) that smooth grid = dense grid.
       3) Run must be in serial.
       4) No K-points.
       5) Make sure your grids/cutoffs... are the same for both systems.
       6) Previous PW runs must NOT use parallelization over k points.
       7) occup1+occdown1 == occup2+occdown2.
       8) if s_spin = .true. then  occup1 must = occup2.
       9) if s_spin = .true. then occdown1 must = occdown2.
  
     ======================================================================= 
  
  
     Data from input file :
  
     prefix1      :left                                                                                                                                                                                                                                                            
     outdir1      :./out2/                                                                                                                                                                                                                                                         
     prefix2      :right                                                                                                                                                                                                                                                           
     outdir2      :./out2/                                                                                                                                                                                                                                                         
     debug        : T
     s_spin       : T
  
     # of spins   : 2
     # of bands   : 40
     # occ up states in sys 1   : 19
     # occ down states in sys 1 : 18
     # occ up states in sys 2   : 19
     # occ down states in sys 2 : 18
  
     ======================================================================= 
     Progress : 
     Setup done
     S done
     W is  -6.28616179061020919
     W done in real space 
     W done
     H done
     =======================================================================
 
     F1 =   -102.78140   F2 =   -114.41789
     E1 =   -105.36270   E2 =   -105.11076
     C1 =     -2.58130   C2 =      9.30713
 
 
     S up                                                                                                
     ( 0.9999999999999989E+00, 0.0000000000000000E+00)  ( 0.9591756605380641E+00, 0.0000000000000000E+00)
     ( 0.9591756605380641E+00, 0.0000000000000000E+00)  ( 0.9999999999999978E+00, 0.0000000000000000E+00)
 
 
     S down                                                                                              
     ( 0.9999999999999987E+00, 0.0000000000000000E+00)  (-0.1718973390689377E+00, 0.0000000000000000E+00)
     (-0.1718973390689376E+00, 0.0000000000000000E+00)  ( 0.9999999999999986E+00, 0.0000000000000000E+00)
 
 
     W up                                                                                                
     ( 0.1110299630048980E+02, 0.0000000000000000E+00)  ( 0.1264543649042381E+02, 0.0000000000000000E+00)
     ( 0.1118812123188341E+02, 0.0000000000000000E+00)  ( 0.1125032642799162E+02, 0.0000000000000000E+00)
 
 
     W down                                                                                              
     ( 0.1089700439513128E+02, 0.0000000000000000E+00)  (-0.2328408687101046E+01, 0.0000000000000000E+00)
     (-0.1910324075871507E+01, 0.0000000000000000E+00)  ( 0.1274967277659125E+02, 0.0000000000000000E+00)
 
 
     H                                                                                                   
     (-0.1053627015938937E+03, 0.0000000000000000E+00)  ( 0.1743623159562439E+02, 0.0000000000000000E+00)
     ( 0.1743623159562438E+02, 0.0000000000000000E+00)  (-0.1051107563842481E+03, 0.0000000000000000E+00)
 
 
     H using W orthogonalization                                                                         
     (-0.1052846107302552E+03, 0.0000000000000000E+00)  (-0.1415618217860803E+00, 0.0000000000000000E+00)
     (-0.1415618217860697E+00, 0.0000000000000000E+00)  (-0.1051600931534406E+03, 0.0000000000000000E+00)
 
     |Sab| =       0.164880
     |Hab| =       0.141562 Ry
     |Hab| =       0.070781 Ha
     |Hab| =       1.926047 eV
 
     =======================================================================
 
     epcdft_coupl :  2m 3.61s CPU     2m 3.61s WALL

 
   This run was terminated on:  20: 9: 6   8Jan2016            

=------------------------------------------------------------------------------=
   JOB DONE.
=------------------------------------------------------------------------------=
2016-01-08 20:09:23.673 (INFO ) [0xfff9ff3c410] CET-02000-13331-128:1513586:ibm.runjob.client.Job: exited with status 0
2016-01-08 20:09:23.673 (INFO ) [0xfff9ff3c410] tatu.runjob.client: task exited with status 0
2016-01-08 20:09:23.673 (INFO ) [0xfffa61e34e0] 9262:tatu.runjob.monitor: monitor terminating
2016-01-08 20:09:23.677 (INFO ) [0xfff9ff3c410] tatu.runjob.client: monitor completed
