2015-09-02 01:17:35.298 (INFO ) [0xfff872dc410] ibm.runjob.AbstractOptions: using properties file /bgsys/local/etc/bg.properties
2015-09-02 01:17:35.308 (INFO ) [0xfff872dc410] ibm.runjob.AbstractOptions: max open file descriptors: 65536
2015-09-02 01:17:35.308 (INFO ) [0xfff872dc410] ibm.runjob.AbstractOptions: core file limit: 18446744073709551615
2015-09-02 01:17:35.310 (INFO ) [0xfff872dc410] 33544:tatu.runjob.client: scheduler job id is 584130
2015-09-02 01:17:35.316 (INFO ) [0xfff890434e0] 33544:tatu.runjob.monitor: monitor started
2015-09-02 01:17:35.759 (INFO ) [0xfff890434e0] 33544:tatu.runjob.monitor: task record 1256630 created
2015-09-02 01:17:35.760 (INFO ) [0xfff872dc410] CET-00400-11731-128:33544:ibm.runjob.client.options.Parser: set local socket to runjob_mux from properties file
2015-09-02 01:17:38.416 (INFO ) [0xfff872dc410] CET-00400-11731-128:1313755:ibm.runjob.client.Job: job 1313755 started

     Program epcdft_coupling v.5.1.1 starts on  2Sep2015 at  1:17:38 

     This program is part of the open-source Quantum ESPRESSO suite
     for quantum simulation of materials; please cite
         "P. Giannozzi et al., J. Phys.:Condens. Matter 21 395502 (2009);
          URL http://www.quantum-espresso.org", 
     in publications or presentations arising from this work. More details at
     http://www.quantum-espresso.org/quote

     Parallel version (MPI & OpenMP), running on    1024 processor cores
     Number of MPI processes:              1024
     Threads/MPI process:                     1
     R & G space division:  proc/nbgrp/npool/nimage =    1024
     ======================================================================= 
     SYSTEM 2 INFO

   Info: using nr1, nr2, nr3 values from input

   Info: using nr1s, nr2s, nr3s values from input

     IMPORTANT: XC functional enforced from input :
     Exchange-correlation      = PBE ( 1  4  3  4 0 0)
     Any further DFT definition will be discarded
     Please, verify this is what you really want

               file C.pbe-mt_fhi.UPF: wavefunction(s)  4f renormalized
               file H.pbe-mt_fhi.UPF: wavefunction(s)  2p 4f renormalized
2015-09-02 01:17:41.194 (INFO ) [0xfff890434e0] 33544:tatu.runjob.monitor: tracklib completed
               file Cl.pbe-mt_fhi.UPF: wavefunction(s)  4f renormalized
 
     Parallelization info
     --------------------
     sticks:   dense  smooth     PW     G-vecs:    dense   smooth      PW
     Min          52      52     11                 9332     9332    1136
     Max          54      54     14                 9394     9394    1202
     Sum       54553   54553  13637              9587919  9587919 1198487
     Tot       27277   27277   6819
 
     Generating pointlists ...
     new r_m :   0.0224 (alat units)  0.8450 (a.u.) for type    1
     new r_m :   0.0224 (alat units)  0.8450 (a.u.) for type    2
     new r_m :   0.0635 (alat units)  2.4011 (a.u.) for type    3
 
     Using Hirshfeld
        Amplitude [Ry a.u.] : -3.8780E-01
        Acceptor Fragment start :          13
        Acceptor Fragment end   :          13
        Donor Fragment start :           1
        Donor Fragment end   :          12
 
 
     Using Hirshfeld
        Amplitude [Ry a.u.] : -3.8780E-01
        Acceptor Fragment start :          13
        Acceptor Fragment end   :          13
        Donor Fragment start :           1
        Donor Fragment end   :          12
 
     ======================================================================= 
     SYSTEM 1 INFO

   Info: using nr1, nr2, nr3 values from input

   Info: using nr1s, nr2s, nr3s values from input

     IMPORTANT: XC functional enforced from input :
     Exchange-correlation      = PBE ( 1  4  3  4 0 0)
     Any further DFT definition will be discarded
     Please, verify this is what you really want

               file C.pbe-mt_fhi.UPF: wavefunction(s)  4f renormalized
               file H.pbe-mt_fhi.UPF: wavefunction(s)  2p 4f renormalized
               file Cl.pbe-mt_fhi.UPF: wavefunction(s)  4f renormalized
 
     Parallelization info
     --------------------
     sticks:   dense  smooth     PW     G-vecs:    dense   smooth      PW
     Min          52      52     11                 9332     9332    1136
     Max          54      54     14                 9394     9394    1202
     Sum       54553   54553  13637              9587919  9587919 1198487
     Tot       27277   27277   6819
 
     Generating pointlists ...
 
     Using Hirshfeld
        Amplitude [Ry a.u.] :  1.1733E-01
        Acceptor Fragment start :          13
        Acceptor Fragment end   :          13
        Donor Fragment start :           1
        Donor Fragment end   :          12
 
 
     Using Hirshfeld
        Amplitude [Ry a.u.] :  1.1733E-01
        Acceptor Fragment start :          13
        Acceptor Fragment end   :          13
        Donor Fragment start :           1
        Donor Fragment end   :          12
 
     ======================================================================= 
  
     ======================================================================= 
  
       EPCDFT_Coupling Code warnings:
       1) Only works with norm conserving pseudos.
       2) (which implies) that smooth grid = dense grid.
       3) Run must be in serial.
       4) No K-points.
       5) Make sure your grids/cutoffs... are the same for both systems.
       6) Previous PW runs must NOT use parallelization over k points.
       7) occup1+occdown1 == occup2+occdown2.
       8) if s_spin = .true. then  occup1 must = occup2.
       9) if s_spin = .true. then occdown1 must = occdown2.
  
     ======================================================================= 
  
  
     Data from input file :
  
     prefix1      :left                                                                                                                                                                                                                                                            
     outdir1      :./out/                                                                                                                                                                                                                                                          
     prefix2      :right                                                                                                                                                                                                                                                           
     outdir2      :./out/                                                                                                                                                                                                                                                          
     debug        : T
     s_spin       : T
  
     # of spins   : 2
     # of bands   : 40
     # occ up states in sys 1   : 19
     # occ down states in sys 1 : 18
     # occ up states in sys 2   : 19
     # occ down states in sys 2 : 18
  
     ======================================================================= 
     Progress : 
     Setup done
     S done
     W is  -6.28616171646453914
     W done in real space 
     W done
     H done
     =======================================================================
 
     F1 =   -102.78140   F2 =   -114.41789
     E1 =   -105.36270   E2 =   -105.11076
     C1 =     -2.58130   C2 =      9.30713
 
 
     S up                                                                                                
     ( 0.1000000000000000E+01, 0.0000000000000000E+00)  ( 0.9591756604748422E+00, 0.0000000000000000E+00)
     ( 0.9591756604748420E+00, 0.0000000000000000E+00)  ( 0.9999999999999983E+00, 0.0000000000000000E+00)
 
 
     S down                                                                                              
     ( 0.1000000000000001E+01, 0.0000000000000000E+00)  ( 0.1718973306441337E+00, 0.0000000000000000E+00)
     ( 0.1718973306441337E+00, 0.0000000000000000E+00)  ( 0.1000000000000000E+01, 0.0000000000000000E+00)
 
 
     W up                                                                                                
     ( 0.1110299630035519E+02, 0.0000000000000000E+00)  ( 0.1365742180658948E+02, 0.0000000000000000E+00)
     ( 0.1013263302981725E+02, 0.0000000000000000E+00)  ( 0.1125032643253709E+02, 0.0000000000000000E+00)
 
 
     W down                                                                                              
     ( 0.1089700439644019E+02, 0.0000000000000000E+00)  ( 0.2336406708353350E+01, 0.0000000000000000E+00)
     ( 0.1939602611020338E+01, 0.0000000000000000E+00)  ( 0.1274967277118358E+02, 0.0000000000000000E+00)
 
 
     H                                                                                                   
     (-0.1053627015861244E+03, 0.0000000000000000E+00)  (-0.1747662097651183E+02, 0.0000000000000000E+00)
     (-0.1747662097651182E+02, 0.0000000000000000E+00)  (-0.1051107563868662E+03, 0.0000000000000000E+00)
 
 
     H using lowdin orthogonalization                                                                    
     (-0.1053432269335060E+03, 0.0000000000000000E+00)  (-0.1287161096398233E+00, 0.0000000000000000E+00)
     (-0.1287161096398215E+00, 0.0000000000000000E+00)  (-0.1050877856832208E+03, 0.0000000000000000E+00)
 
     |Sab| =       0.164880
     |Hab| =       0.128716 Ry
     |Hab| =       0.064358 Ha
     |Hab| =       1.751272 eV
 
     =======================================================================
 
     epcdft_coupl :  2m21.82s CPU     2m21.82s WALL

 
   This run was terminated on:   1:20: 0   2Sep2015            

=------------------------------------------------------------------------------=
   JOB DONE.
=------------------------------------------------------------------------------=
2015-09-02 01:20:17.002 (INFO ) [0xfff872dc410] CET-00400-11731-128:1313755:ibm.runjob.client.Job: exited with status 0
2015-09-02 01:20:17.002 (WARN ) [0xfff872dc410] CET-00400-11731-128:1313755:ibm.runjob.client.Job: 10 INFO RAS events
2015-09-02 01:20:17.002 (WARN ) [0xfff872dc410] CET-00400-11731-128:1313755:ibm.runjob.client.Job: most recent RAS event text: DDR Correctable Error Summary : count=19 MCFIR error status:  [MEMORY_CE] This bit is set when a memory CE is detected on a non-maintenance memory read op;
2015-09-02 01:20:17.002 (WARN ) [0xfff872dc410] CET-00400-11731-128:1313755:ibm.runjob.client.Job: with severity INFO
2015-09-02 01:20:17.002 (INFO ) [0xfff872dc410] tatu.runjob.client: task exited with status 0
2015-09-02 01:20:17.002 (INFO ) [0xfff890434e0] 33544:tatu.runjob.monitor: monitor terminating
2015-09-02 01:20:17.006 (INFO ) [0xfff872dc410] tatu.runjob.client: monitor completed
